c:\darmor\school\embedded operating systems\dmorrison_assignment2\dmorrison_assignment2\x64\debug\vc143.pdb
c:\darmor\school\embedded operating systems\dmorrison_assignment2\dmorrison_assignment2\x64\debug\vc143.idb
c:\darmor\school\embedded operating systems\dmorrison_assignment2\dmorrison_assignment2\x64\debug\main_b.obj
c:\darmor\school\embedded operating systems\dmorrison_assignment2\dmorrison_assignment2\x64\debug\main_a.obj
c:\darmor\school\embedded operating systems\dmorrison_assignment2\dmorrison_assignment2\x64\debug\main.obj
c:\darmor\school\embedded operating systems\dmorrison_assignment2\dmorrison_assignment2\x64\debug\supporting_functions.obj
c:\darmor\school\embedded operating systems\dmorrison_assignment2\dmorrison_assignment2\x64\debug\timers.obj
c:\darmor\school\embedded operating systems\dmorrison_assignment2\dmorrison_assignment2\x64\debug\tasks.obj
c:\darmor\school\embedded operating systems\dmorrison_assignment2\dmorrison_assignment2\x64\debug\queue.obj
c:\darmor\school\embedded operating systems\dmorrison_assignment2\dmorrison_assignment2\x64\debug\port.obj
c:\darmor\school\embedded operating systems\dmorrison_assignment2\dmorrison_assignment2\x64\debug\heap_4.obj
c:\darmor\school\embedded operating systems\dmorrison_assignment2\dmorrison_assignment2\x64\debug\list.obj
c:\darmor\school\embedded operating systems\dmorrison_assignment2\dmorrison_assignment2\x64\debug\event_groups.obj
c:\darmor\school\embedded operating systems\dmorrison_assignment2\dmorrison_assignment2\x64\debug\main_f.obj
c:\darmor\school\embedded operating systems\dmorrison_assignment2\dmorrison_assignment2\x64\debug\main_e.obj
c:\darmor\school\embedded operating systems\dmorrison_assignment2\dmorrison_assignment2\x64\debug\main_d.obj
c:\darmor\school\embedded operating systems\dmorrison_assignment2\dmorrison_assignment2\x64\debug\main_c.obj
c:\darmor\school\embedded operating systems\dmorrison_assignment2\dmorrison_assignment2\x64\debug\dmorrison_assignment2.exe
c:\darmor\school\embedded operating systems\dmorrison_assignment2\dmorrison_assignment2\x64\debug\dmorrison_assignment2.ilk
c:\darmor\school\embedded operating systems\dmorrison_assignment2\dmorrison_assignment2\x64\debug\dmorrison_assignment2.pdb
c:\darmor\school\embedded operating systems\dmorrison_assignment2\dmorrison_assignment2\x64\debug\dmorriso.0d3542a1.tlog\cl.command.1.tlog
c:\darmor\school\embedded operating systems\dmorrison_assignment2\dmorrison_assignment2\x64\debug\dmorriso.0d3542a1.tlog\cl.read.1.tlog
c:\darmor\school\embedded operating systems\dmorrison_assignment2\dmorrison_assignment2\x64\debug\dmorriso.0d3542a1.tlog\cl.write.1.tlog
c:\darmor\school\embedded operating systems\dmorrison_assignment2\dmorrison_assignment2\x64\debug\dmorriso.0d3542a1.tlog\link.command.1.tlog
c:\darmor\school\embedded operating systems\dmorrison_assignment2\dmorrison_assignment2\x64\debug\dmorriso.0d3542a1.tlog\link.read.1.tlog
c:\darmor\school\embedded operating systems\dmorrison_assignment2\dmorrison_assignment2\x64\debug\dmorriso.0d3542a1.tlog\link.write.1.tlog
